<?xml version="1.0" encoding="UTF-8"?>
<!-- Generated by org.testng.reporters.JUnitReportReporter -->
<testsuite skipped="0" hostname="DESKTOP-6M9B03E" name="tests.Logout" tests="2" failures="0" timestamp="2020-05-14T18:04:44 EDT" time="17.795" errors="0">
  <testcase name="login" time="2.469" classname="tests.Logout"/>
  <system-out>
=======Login Started======= =======Login Started======= =======loginToOrangeHR Failed======= =======Login Ended=======  </system-out>
  <testcase name="checkAbout" time="15.326" classname="tests.Logout"/>
  <system-out>
=======checkAbout Started======= =======clickOnAbout Started======= =======clickOnAbout Started======= =======clickOnwelcomeAdmin Started======= =======checkAbout Failed=======  </system-out>
</testsuite> <!-- tests.Logout -->
