<?xml version="1.0" encoding="UTF-8"?>
<!-- Generated by org.testng.reporters.JUnitReportReporter -->
<testsuite skipped="0" hostname="DESKTOP-6M9B03E" name="tests.BasicLogin" tests="1" failures="0" timestamp="28 Jan 2020 21:49:59 GMT" time="5.488" errors="0">
  <testcase name="loginToOrangeHR" time="5.488" classname="tests.BasicLogin"/>
</testsuite> <!-- tests.BasicLogin -->
