<?xml version="1.0" encoding="UTF-8"?>
<!-- Generated by org.testng.reporters.JUnitReportReporter -->
<testsuite skipped="0" hostname="DESKTOP-6M9B03E" name="tests.BasicLogin" tests="1" failures="0" timestamp="2020-05-26T09:37:58 EDT" time="8.672" errors="0">
  <testcase name="loginToOrangeHR" time="8.672" classname="tests.BasicLogin"/>
  <system-out>
=======Login Started======= =======Login Ended=======  </system-out>
</testsuite> <!-- tests.BasicLogin -->
