<?xml version="1.0" encoding="UTF-8"?>
<!-- Generated by org.testng.reporters.JUnitReportReporter -->
<testsuite skipped="0" hostname="DESKTOP-6M9B03E" name="tests.VerifyLogin" tests="1" failures="0" timestamp="2020-03-26T16:36:56 EDT" time="9.003" errors="0">
  <testcase name="loginToOrangeHR" time="9.003" classname="tests.VerifyLogin"/>
  <system-out>
=======Login Started======= =======loginToOrangeHRM Started======= =======Login Ended=======  </system-out>
</testsuite> <!-- tests.VerifyLogin -->
