<?xml version="1.0" encoding="UTF-8"?>
<!-- Generated by org.testng.reporters.JUnitReportReporter -->
<testsuite skipped="0" hostname="DESKTOP-6M9B03E" name="tests.VerifyLogin" tests="1" failures="0" timestamp="11 Feb 2020 21:50:19 GMT" time="7.819" errors="0">
  <testcase name="loginToOrangeHR" time="7.819" classname="tests.VerifyLogin"/>
</testsuite> <!-- tests.VerifyLogin -->
