<?xml version="1.0" encoding="UTF-8"?>
<!-- Generated by org.testng.reporters.JUnitReportReporter -->
<testsuite skipped="0" hostname="DESKTOP-6M9B03E" name="TestPackages.loginToSystem" tests="1" failures="0" timestamp="28 Nov 2019 23:29:45 GMT" time="15.113" errors="0">
  <testcase name="test" time="15.113" classname="TestPackages.loginToSystem"/>
</testsuite> <!-- TestPackages.loginToSystem -->
