<?xml version="1.0" encoding="UTF-8"?>
<!-- Generated by org.testng.reporters.JUnitReportReporter -->
<testsuite skipped="0" hostname="DESKTOP-6M9B03E" name="tests.Logout" tests="2" failures="0" timestamp="2020-05-19T17:23:47 EDT" time="37.522" errors="0">
  <testcase name="login" time="18.517" classname="tests.Logout"/>
  <system-out>
=======Login Started Logout======= =======setUp Started VerifyLogin======= =======Initializing Chrome Started======= =======Initializing Chrome Ended======= =======setUp Ended VerifyLogin======= =======Login Started VerifyLogin======= =======loginToOrangeHRM Started======= =======login Failed VerifyLogin======= =======Login Ended Logout=======  </system-out>
  <testcase name="checkAbout" time="19.005" classname="tests.Logout"/>
  <system-out>
=======CheckAbout Started Logout======= =======ClickOnCloseAbout Started======= =======ClickOnAbout Started======= =======ClickOnwelcomeAdmin Started======= =======ClickOnwelcomeAdmin Failed======= =======ClickOnAbout Failed======= =======ClickOnCloseAbout Failed======= =======CheckAbout Ended Logout=======  </system-out>
</testsuite> <!-- tests.Logout -->
