<?xml version="1.0" encoding="UTF-8"?>
<!-- Generated by org.testng.reporters.JUnitReportReporter -->
<testsuite skipped="0" hostname="DESKTOP-6M9B03E" name="tests.VerifyLogin" tests="3" failures="0" timestamp="2020-05-19T17:33:17 EDT" time="51.650" errors="0">
  <testcase name="loginToOrangeHR" time="11.067" classname="tests.VerifyLogin"/>
  <system-out>
=======Login Started VerifyLogin======= =======loginToOrangeHRM Started======= =======Login Ended VerifyLogin=======  </system-out>
  <testcase name="checkAbout" time="21.243" classname="tests.VerifyLogin"/>
  <system-out>
=======CheckAbout Started Logout======= =======ClickOnCloseAbout Started======= =======ClickOnAbout Started======= =======ClickOnwelcomeAdmin Started======= =======ClickOnwelcomeAdmin Ended======= =======ClickOnAbout Ended======= =======ClickOnCloseAbout Ended======= =======CheckAbout Ended Logout=======  </system-out>
  <testcase name="Logout" time="19.340" classname="tests.VerifyLogin"/>
  <system-out>
=======Logout Started ======= =======ClickOnwelcomeAdmin Started======= =======ClickOnwelcomeAdmin Ended======= =======ClickOnLogout Started======= =======ClickOnwelcomeAdmin Started======= =======ClickOnwelcomeAdmin Ended======= =======ClickOnLogout Ended======= =======Logout Ended=======  </system-out>
</testsuite> <!-- tests.VerifyLogin -->
